<?xml version="1.0" encoding="UTF-8"?>
<testng-results ignored="5" total="6" passed="1" failed="0" skipped="0">
  <reporter-output>
  </reporter-output>
  <suite started-at="2023-04-04T10:54:56 IST" name="All Test Suite" finished-at="2023-04-04T10:54:57 IST" duration-ms="165">
    <groups>
      <group name="regression">
        <method signature="GroupingExample.test1()[pri:0, instance:org.example.GroupingExample@79ad8b2f]" name="test1" class="org.example.GroupingExample"/>
      </group> <!-- regression -->
    </groups>
    <test started-at="2023-04-04T10:54:56 IST" name="E:/java/Maven/src/test/java/org/example/GroupEg.java" finished-at="2023-04-04T10:54:57 IST" duration-ms="165">
      <class name="org.example.GroupingExample">
        <test-method signature="test1()[pri:0, instance:org.example.GroupingExample@79ad8b2f]" started-at="2023-04-04T10:54:57 IST" name="test1" finished-at="2023-04-04T10:54:57 IST" duration-ms="11" status="PASS">
          <reporter-output>
          </reporter-output>
        </test-method> <!-- test1 -->
      </class> <!-- org.example.GroupingExample -->
    </test> <!-- E:/java/Maven/src/test/java/org/example/GroupEg.java -->
  </suite> <!-- All Test Suite -->
</testng-results>
